<?xml version="1.0" encoding="UTF-8"?>
<!-- Generated by org.testng.reporters.JUnitReportReporter -->
<testsuite skipped="0" hostname="DESKTOP-BAI5LNR" name="org.cts.TetstNg" tests="1" failures="0" timestamp="2020-07-02T13:00:45 IST" time="57.380" errors="0">
  <testcase name="test1" time="57.380" classname="org.cts.TetstNg"/>
  <system-out/>
</testsuite> <!-- org.cts.TetstNg -->
